Using pre-set license
Built from '2020.3/release' branch; Version is '2020.3.15f2 (6cf78cb77498) revision 7141260'; Using compiler version '192528614'; Build Type 'Release'
OS: 'Windows 10 Pro; OS build 19042.1165; Version 2009; 64bit' Language: 'en' Physical Memory: 16204 MB
BatchMode: 1, IsHumanControllingUs: 0, StartBugReporterOnCrash: 0, Is64bit: 1, IsPro: 0

 COMMAND LINE ARGUMENTS:
C:\Program Files\Unity\Hub\Editor\2020.3.15f2\Editor\Unity.exe
-adb2
-batchMode
-noUpm
-name
AssetImportWorker0
-projectPath
C:/Users/Maglev/OneDrive/Documents/GitHub/mobile_3/RoadCrossingGame
-logFile
Logs/AssetImportWorker0.log
-srvPort
52082
Successfully changed project path to: C:/Users/Maglev/OneDrive/Documents/GitHub/mobile_3/RoadCrossingGame
C:/Users/Maglev/OneDrive/Documents/GitHub/mobile_3/RoadCrossingGame
Using Asset Import Pipeline V2.
Refreshing native plugins compatible for Editor in 35.51 ms, found 3 plugins.
Preloading 0 native plugins for Editor in 0.00 ms.
Initialize engine version: 2020.3.15f2 (6cf78cb77498)
[Subsystems] Discovering subsystems at path C:/Program Files/Unity/Hub/Editor/2020.3.15f2/Editor/Data/Resources/UnitySubsystems
[Subsystems] Discovering subsystems at path C:/Users/Maglev/OneDrive/Documents/GitHub/mobile_3/RoadCrossingGame/Assets
GfxDevice: creating device client; threaded=0
Direct3D:
    Version:  Direct3D 11.0 [level 11.1]
    Renderer: NVIDIA GeForce RTX 2080 Super (ID=0x1e93)
    Vendor:   
    VRAM:     8010 MB
    Driver:   27.21.14.6627
Initialize mono
Mono path[0] = 'C:/Program Files/Unity/Hub/Editor/2020.3.15f2/Editor/Data/Managed'
Mono path[1] = 'C:/Program Files/Unity/Hub/Editor/2020.3.15f2/Editor/Data/MonoBleedingEdge/lib/mono/unityjit'
Mono config path = 'C:/Program Files/Unity/Hub/Editor/2020.3.15f2/Editor/Data/MonoBleedingEdge/etc'
Using monoOptions --debugger-agent=transport=dt_socket,embedding=1,server=y,suspend=n,address=127.0.0.1:56960
Begin MonoManager ReloadAssembly
Registering precompiled unity dll's ...
Register platform support module: C:/Program Files/Unity/Hub/Editor/2020.3.15f2/Editor/Data/PlaybackEngines/WindowsStandaloneSupport/UnityEditor.WindowsStandalone.Extensions.dll
Registered in 0.001545 seconds.
Native extension for WindowsStandalone target not found
Refreshing native plugins compatible for Editor in 33.17 ms, found 3 plugins.
Preloading 0 native plugins for Editor in 0.00 ms.
Mono: successfully reloaded assembly
- Completed reload, in  1.461 seconds
Domain Reload Profiling:
	ReloadAssembly (1461ms)
		BeginReloadAssembly (43ms)
			ExecutionOrderSort (0ms)
			DisableScriptedObjects (0ms)
			BackupInstance (0ms)
			ReleaseScriptingObjects (0ms)
			CreateAndSetChildDomain (1ms)
		EndReloadAssembly (349ms)
			LoadAssemblies (41ms)
			RebuildTransferFunctionScriptingTraits (0ms)
			SetupTypeCache (125ms)
			ReleaseScriptCaches (0ms)
			RebuildScriptCaches (25ms)
			SetupLoadedEditorAssemblies (141ms)
				LogAssemblyErrors (0ms)
				InitializePlatformSupportModulesInManaged (3ms)
				SetLoadedEditorAssemblies (0ms)
				RefreshPlugins (33ms)
				BeforeProcessingInitializeOnLoad (12ms)
				ProcessInitializeOnLoadAttributes (70ms)
				ProcessInitializeOnLoadMethodAttributes (23ms)
				AfterProcessingInitializeOnLoad (0ms)
				EditorAssembliesLoaded (0ms)
			ExecutionOrderSort2 (0ms)
			AwakeInstancesAfterBackupRestoration (0ms)
Platform modules already initialized, skipping
Registering precompiled user dll's ...
Registered in 0.003154 seconds.
Begin MonoManager ReloadAssembly
Native extension for WindowsStandalone target not found
Refreshing native plugins compatible for Editor in 36.24 ms, found 3 plugins.
Preloading 0 native plugins for Editor in 0.00 ms.
Mono: successfully reloaded assembly
- Completed reload, in  1.074 seconds
Domain Reload Profiling:
	ReloadAssembly (1074ms)
		BeginReloadAssembly (130ms)
			ExecutionOrderSort (0ms)
			DisableScriptedObjects (4ms)
			BackupInstance (0ms)
			ReleaseScriptingObjects (0ms)
			CreateAndSetChildDomain (16ms)
		EndReloadAssembly (887ms)
			LoadAssemblies (83ms)
			RebuildTransferFunctionScriptingTraits (0ms)
			SetupTypeCache (257ms)
			ReleaseScriptCaches (0ms)
			RebuildScriptCaches (41ms)
			SetupLoadedEditorAssemblies (394ms)
				LogAssemblyErrors (0ms)
				InitializePlatformSupportModulesInManaged (4ms)
				SetLoadedEditorAssemblies (0ms)
				RefreshPlugins (36ms)
				BeforeProcessingInitializeOnLoad (84ms)
				ProcessInitializeOnLoadAttributes (248ms)
				ProcessInitializeOnLoadMethodAttributes (12ms)
				AfterProcessingInitializeOnLoad (9ms)
				EditorAssembliesLoaded (0ms)
			ExecutionOrderSort2 (0ms)
			AwakeInstancesAfterBackupRestoration (6ms)
Platform modules already initialized, skipping
========================================================================
Worker process is ready to serve import requests
Launched and connected shader compiler UnityShaderCompiler.exe after 0.06 seconds
Refreshing native plugins compatible for Editor in 0.39 ms, found 3 plugins.
Preloading 0 native plugins for Editor in 0.00 ms.
Unloading 2090 Unused Serialized files (Serialized files now loaded: 0)
System memory in use before: 93.1 MB.
System memory in use after: 93.0 MB.

Unloading 33 unused Assets to reduce memory usage. Loaded Objects now: 2523.
Total: 2.048700 ms (FindLiveObjects: 0.175600 ms CreateObjectMapping: 0.079500 ms MarkObjects: 1.692300 ms  DeleteObjects: 0.100400 ms)

AssetImportParameters requested are different than current active one (requested -> active):
  custom:framework-win-MediaFoundation: 216162199b28c13a410421893ffa2e32 -> 
  custom:video-decoder-ogg-theora: a1e56fd34408186e4bbccfd4996cb3dc -> 
  custom:container-muxer-webm: aa71ff27fc2769a1b78a27578f13a17b -> 
  custom:container-demuxer-webm: 4f35f7cbe854078d1ac9338744f61a02 -> 
  custom:container-demuxer-ogg: 62fdf1f143b41e24485cea50d1cbac27 -> 
  custom:video-encoder-webm-vp8: eb34c28f22e8b96e1ab97ce403110664 -> 
  custom:video-decoder-webm-vp8: 9c59270c3fd7afecdb556c50c9e8de78 -> 
  custom:audio-decoder-ogg-vorbis: bf7c407c2cedff20999df2af8eb42d56 -> 
  custom:audio-encoder-webm-vorbis: bf7c407c2cedff20999df2af8eb42d56 -> 
========================================================================
Received Import Request.
  path: Assets
  artifactKey: Guid(00000000000000001000000000000000) Importer(815301076,1909f56bfc062723c751e8b465ee728b)
Start importing Assets using Guid(00000000000000001000000000000000) Importer(815301076,1909f56bfc062723c751e8b465ee728b)  -> (artifact id: '42d402b061de3733987d63b9cc3b64de') in 0.008077 seconds 
  Import took 0.011254 seconds .

========================================================================
Received Import Request.
  Time since last request: 2.473419 seconds.
  path: Assets/Scripts
  artifactKey: Guid(c9ec99fbc78d70347916900faa5d361e) Importer(815301076,1909f56bfc062723c751e8b465ee728b)
Start importing Assets/Scripts using Guid(c9ec99fbc78d70347916900faa5d361e) Importer(815301076,1909f56bfc062723c751e8b465ee728b)  -> (artifact id: 'd0288a1bfb61f988950f41c42af3240d') in 0.007409 seconds 
  Import took 0.010874 seconds .

========================================================================
Received Import Request.
  Time since last request: 10.328045 seconds.
  path: Assets/Sprites
  artifactKey: Guid(9f47eb8949f056642a88a889c89cc035) Importer(815301076,1909f56bfc062723c751e8b465ee728b)
Start importing Assets/Sprites using Guid(9f47eb8949f056642a88a889c89cc035) Importer(815301076,1909f56bfc062723c751e8b465ee728b)  -> (artifact id: '28e482b6b0d1291510910b5b8507d275') in 0.007779 seconds 
  Import took 0.011154 seconds .

========================================================================
Received Import Request.
  Time since last request: 13.011986 seconds.
  path: Assets/Prefabs
  artifactKey: Guid(a062bef032ad2fe41aefa78c0bf4c56e) Importer(815301076,1909f56bfc062723c751e8b465ee728b)
Start importing Assets/Prefabs using Guid(a062bef032ad2fe41aefa78c0bf4c56e) Importer(815301076,1909f56bfc062723c751e8b465ee728b)  -> (artifact id: '9b32d552ced2ec5dbe21ecaced30faa7') in 0.005814 seconds 
  Import took 0.008953 seconds .

========================================================================
Received Import Request.
  Time since last request: 446.128165 seconds.
  path: Assets/Sprites/Car.png
  artifactKey: Guid(db2caf1812dc65e48ad5acff338278cc) Importer(815301076,1909f56bfc062723c751e8b465ee728b)
Start importing Assets/Sprites/Car.png using Guid(db2caf1812dc65e48ad5acff338278cc) Importer(815301076,1909f56bfc062723c751e8b465ee728b)  -> (artifact id: '221770ca47ad309094d90da4ec9aed6a') in 0.105539 seconds 
  Import took 0.108499 seconds .

========================================================================
Received Import Request.
  Time since last request: 0.000174 seconds.
  path: Assets/Sprites/Ground.png
  artifactKey: Guid(9ef093e9311591c4984ce00bfdbb39e4) Importer(815301076,1909f56bfc062723c751e8b465ee728b)
Start importing Assets/Sprites/Ground.png using Guid(9ef093e9311591c4984ce00bfdbb39e4) Importer(815301076,1909f56bfc062723c751e8b465ee728b)  -> (artifact id: '3acc7531ad3afde9d3901fcd2664e4cc') in 0.015983 seconds 
  Import took 0.019082 seconds .

========================================================================
Received Import Request.
  Time since last request: 0.000139 seconds.
  path: Assets/Sprites/Coin.png
  artifactKey: Guid(66db5a911a488904ca5a39561b019586) Importer(815301076,1909f56bfc062723c751e8b465ee728b)
Start importing Assets/Sprites/Coin.png using Guid(66db5a911a488904ca5a39561b019586) Importer(815301076,1909f56bfc062723c751e8b465ee728b)  -> (artifact id: '796b570d8c0cbfe7ed7f3bc71fcbff49') in 0.018255 seconds 
  Import took 0.021382 seconds .

========================================================================
Received Import Request.
  Time since last request: 0.000153 seconds.
  path: Assets/Sprites/Player.png
  artifactKey: Guid(8a49fa04c3aaaa7409fde8411b2bd531) Importer(815301076,1909f56bfc062723c751e8b465ee728b)
Start importing Assets/Sprites/Player.png using Guid(8a49fa04c3aaaa7409fde8411b2bd531) Importer(815301076,1909f56bfc062723c751e8b465ee728b)  -> (artifact id: '0020db5b4e8d482629b29ce386c13f8d') in 0.014292 seconds 
  Import took 0.017242 seconds .

========================================================================
Received Import Request.
  Time since last request: 0.000195 seconds.
  path: Assets/Sprites/EndGoal.png
  artifactKey: Guid(15a82e80196159f448ea3702e1694b02) Importer(815301076,1909f56bfc062723c751e8b465ee728b)
Start importing Assets/Sprites/EndGoal.png using Guid(15a82e80196159f448ea3702e1694b02) Importer(815301076,1909f56bfc062723c751e8b465ee728b)  -> (artifact id: 'ee9941545d666d738d2f7c5b7a86f00d') in 0.015245 seconds 
  Import took 0.018280 seconds .

========================================================================
Received Import Request.
  Time since last request: 0.000234 seconds.
  path: Assets/Sprites/Road.png
  artifactKey: Guid(d1ac8aab74c0a9043906104ef470f79f) Importer(815301076,1909f56bfc062723c751e8b465ee728b)
Start importing Assets/Sprites/Road.png using Guid(d1ac8aab74c0a9043906104ef470f79f) Importer(815301076,1909f56bfc062723c751e8b465ee728b)  -> (artifact id: '53357484d302fd5de60462a86cd83089') in 0.011955 seconds 
  Import took 0.015118 seconds .

========================================================================
Received Import Request.
  Time since last request: 172.016902 seconds.
  path: Assets/Sprites/Road.png
  artifactKey: Guid(d1ac8aab74c0a9043906104ef470f79f) Importer(815301076,1909f56bfc062723c751e8b465ee728b)
Start importing Assets/Sprites/Road.png using Guid(d1ac8aab74c0a9043906104ef470f79f) Importer(815301076,1909f56bfc062723c751e8b465ee728b)  -> (artifact id: 'cbe85cd3c03b3f0f821ab0ac1bcf4690') in 0.010022 seconds 
  Import took 0.013757 seconds .

